<?xml version="1.0" encoding="UTF-8"?>
<!-- Generated by org.testng.reporters.JUnitReportReporter -->
<testsuite skipped="0" hostname="prabhu" name="testcases.CreateLead" tests="1" failures="0" timestamp="29 Apr 2018 05:59:52 GMT" time="25.892" errors="0">
  <testcase name="createLead" time="25.892" classname="testcases.CreateLead"/>
</testsuite> <!-- testcases.CreateLead -->
