<?xml version="1.0" encoding="UTF-8"?>
<!-- Generated by org.testng.reporters.JUnitReportReporter -->
<testsuite skipped="0" hostname="prabhu" name="testcases.Editlead" tests="1" failures="0" timestamp="29 Apr 2018 05:59:52 GMT" time="29.465" errors="0">
  <testcase name="run" time="29.465" classname="testcases.Editlead"/>
</testsuite> <!-- testcases.Editlead -->
