<?xml version="1.0" encoding="UTF-8"?>
<!-- Generated by org.testng.reporters.JUnitReportReporter -->
<testsuite skipped="0" hostname="prabhu" name="classwork.ExcelReader" tests="1" failures="0" timestamp="05 May 2018 05:58:55 GMT" time="1.456" errors="0">
  <testcase name="fetchdata" time="1.456" classname="classwork.ExcelReader"/>
</testsuite> <!-- classwork.ExcelReader -->
